#
# There is insufficient memory for the Java Runtime Environment to continue.
# Native memory allocation (mmap) failed to map 266338304 bytes for G1 virtual space
# Possible reasons:
#   The system is out of physical RAM or swap space
#   The process is running with CompressedOops enabled, and the Java Heap may be blocking the growth of the native heap
# Possible solutions:
#   Reduce memory load on the system
#   Increase physical memory or swap space
#   Check if swap backing store is full
#   Decrease Java heap size (-Xmx/-Xms)
#   Decrease number of Java threads
#   Decrease Java thread stack sizes (-Xss)
#   Set larger code cache with -XX:ReservedCodeCacheSize=
#   JVM is running with Zero Based Compressed Oops mode in which the Java heap is
#     placed in the first 32GB address space. The Java Heap base address is the
#     maximum limit for the native heap growth. Please use -XX:HeapBaseMinAddress
#     to set the Java Heap base and to place the Java Heap above 32GB virtual address.
# This output file may be truncated or incomplete.
#
#  Out of Memory Error (os_windows.cpp:3469), pid=14964, tid=1748
#
# JRE version:  (17.0.1+12) (build )
# Java VM: Java HotSpot(TM) 64-Bit Server VM (17.0.1+12-LTS-39, mixed mode, sharing, tiered, compressed oops, compressed class ptrs, g1 gc, windows-amd64)
# No core dump will be written. Minidumps are not enabled by default on client versions of Windows
#

---------------  S U M M A R Y ------------

Command Line: -Dmaven.multiModuleProjectDirectory=C:\Users\Rudebox\IdeaProjects\medicalweb -Dmaven.home=C:\Program Files\JetBrains\IntelliJ IDEA 2021.3.1\plugins\maven\lib\maven3 -Dclassworlds.conf=C:\Program Files\JetBrains\IntelliJ IDEA 2021.3.1\plugins\maven\lib\maven3\bin\m2.conf -Dmaven.ext.class.path=C:\Program Files\JetBrains\IntelliJ IDEA 2021.3.1\plugins\maven\lib\maven-event-listener.jar -javaagent:C:\Program Files\JetBrains\IntelliJ IDEA 2021.3.1\lib\idea_rt.jar=51649:C:\Program Files\JetBrains\IntelliJ IDEA 2021.3.1\bin -Dfile.encoding=UTF-8 org.codehaus.classworlds.Launcher -Didea.version=2021.3.1 clean

Host: AMD Ryzen 5 4600H with Radeon Graphics         , 12 cores, 15G,  Windows 10 , 64 bit Build 17763 (10.0.17763.475)
Time: Thu Jan 27 04:50:49 2022 RTZ 2 (зима) elapsed time: 0.010817 seconds (0d 0h 0m 0s)

---------------  T H R E A D  ---------------

Current thread (0x00000236dc3167c0):  JavaThread "Unknown thread" [_thread_in_vm, id=1748, stack(0x000000c41d400000,0x000000c41d500000)]

Stack: [0x000000c41d400000,0x000000c41d500000]
Native frames: (J=compiled Java code, j=interpreted, Vv=VM code, C=native code)
V  [jvm.dll+0x66fa1a]
V  [jvm.dll+0x7ce5a4]
V  [jvm.dll+0x7cfd4e]
V  [jvm.dll+0x7d03b3]
V  [jvm.dll+0x242b05]
V  [jvm.dll+0x66ca39]
V  [jvm.dll+0x661502]
V  [jvm.dll+0x30081b]
V  [jvm.dll+0x307da6]
V  [jvm.dll+0x357a1e]
V  [jvm.dll+0x357c4f]
V  [jvm.dll+0x2d7ad8]
V  [jvm.dll+0x2d8a44]
V  [jvm.dll+0x7a01e1]
V  [jvm.dll+0x365791]
V  [jvm.dll+0x77f6cc]
V  [jvm.dll+0x3e812f]
V  [jvm.dll+0x3e9bd1]
C  [jli.dll+0x527b]
C  [ucrtbase.dll+0x21ffa]
C  [KERNEL32.DLL+0x17974]
C  [ntdll.dll+0x6a271]


---------------  P R O C E S S  ---------------

Threads class SMR info:
_java_thread_list=0x00007ff8e25e7818, length=0, elements={
}

Java Threads: ( => current thread )

Other Threads:
  0x00000236dc369c90 GCTaskThread "GC Thread#0" [stack: 0x000000c41d500000,0x000000c41d600000] [id=10124]
  0x00000236dc3bc010 ConcurrentGCThread "G1 Main Marker" [stack: 0x000000c41d600000,0x000000c41d700000] [id=8760]
  0x00000236dc3bc930 ConcurrentGCThread "G1 Conc#0" [stack: 0x000000c41d700000,0x000000c41d800000] [id=14152]

[error occurred during error reporting (printing all threads), id 0xc0000005, EXCEPTION_ACCESS_VIOLATION (0xc0000005) at pc=0x00007ff8e1e384b7]

VM state: not at safepoint (not fully initialized)

VM Mutex/Monitor currently owned by a thread:  ([mutex/lock_event])
[0x00000236dc3129f0] Heap_lock - owner thread: 0x00000236dc3167c0

Heap address: 0x0000000702000000, size: 4064 MB, Compressed Oops mode: Zero based, Oop shift amount: 3

CDS archive(s) mapped at: [0x0000000000000000-0x0000000000000000-0x0000000000000000), size 0, SharedBaseAddress: 0x0000000800000000, ArchiveRelocationMode: 0.
Narrow klass base: 0x0000000000000000, Narrow klass shift: 0, Narrow klass range: 0x0

GC Precious Log:
<Empty>

Heap:
 garbage-first heap   total 0K, used 0K [0x0000000702000000, 0x0000000800000000)
  region size 2048K, 0 young (0K), 0 survivors (0K)

[error occurred during error reporting (printing heap information), id 0xc0000005, EXCEPTION_ACCESS_VIOLATION (0xc0000005) at pc=0x00007ff8e2218d89]

GC Heap History (0 events):
No events

Deoptimization events (0 events):
No events

Classes unloaded (0 events):
No events

Classes redefined (0 events):
No events

Internal exceptions (0 events):
No events

VM Operations (0 events):
No events

Events (1 events):
Event: 0.007 Loaded shared library C:\Program Files\Java\jdk-17.0.1\bin\java.dll


Dynamic libraries:
0x00007ff74e150000 - 0x00007ff74e160000 	C:\Program Files\Java\jdk-17.0.1\bin\java.exe
0x00007ff9367f0000 - 0x00007ff9369dd000 	C:\Windows\SYSTEM32\ntdll.dll
0x00007ff933b70000 - 0x00007ff933c23000 	C:\Windows\System32\KERNEL32.DLL
0x00007ff933030000 - 0x00007ff9332c3000 	C:\Windows\System32\KERNELBASE.dll
0x00007ff933350000 - 0x00007ff93344a000 	C:\Windows\System32\ucrtbase.dll
0x00007ff92d150000 - 0x00007ff92d168000 	C:\Program Files\Java\jdk-17.0.1\bin\jli.dll
0x00007ff92d130000 - 0x00007ff92d14a000 	C:\Program Files\Java\jdk-17.0.1\bin\VCRUNTIME140.dll
0x00007ff933da0000 - 0x00007ff933e43000 	C:\Windows\System32\ADVAPI32.dll
0x00007ff933e50000 - 0x00007ff933eee000 	C:\Windows\System32\msvcrt.dll
0x00007ff935ea0000 - 0x00007ff935f3e000 	C:\Windows\System32\sechost.dll
0x00007ff9366c0000 - 0x00007ff9367e2000 	C:\Windows\System32\RPCRT4.dll
0x00007ff936510000 - 0x00007ff9366a7000 	C:\Windows\System32\USER32.dll
0x00007ff933810000 - 0x00007ff933830000 	C:\Windows\System32\win32u.dll
0x00007ff934760000 - 0x00007ff934789000 	C:\Windows\System32\GDI32.dll
0x00007ff922e40000 - 0x00007ff9230b9000 	C:\Windows\WinSxS\amd64_microsoft.windows.common-controls_6595b64144ccf1df_6.0.17763.914_none_05b346b2072102f2\COMCTL32.dll
0x00007ff933670000 - 0x00007ff933809000 	C:\Windows\System32\gdi32full.dll
0x00007ff9361e0000 - 0x00007ff93650c000 	C:\Windows\System32\combase.dll
0x00007ff933450000 - 0x00007ff9334f0000 	C:\Windows\System32\msvcp_win.dll
0x00007ff9332d0000 - 0x00007ff93334e000 	C:\Windows\System32\bcryptPrimitives.dll
0x00007ff92d9b0000 - 0x00007ff92d9ba000 	C:\Windows\SYSTEM32\VERSION.dll
0x00007ff934440000 - 0x00007ff93446e000 	C:\Windows\System32\IMM32.DLL
0x00007ff91be00000 - 0x00007ff91be0c000 	C:\Program Files\Java\jdk-17.0.1\bin\vcruntime140_1.dll
0x00007ff8e2710000 - 0x00007ff8e279d000 	C:\Program Files\Java\jdk-17.0.1\bin\msvcp140.dll
0x00007ff8e1b50000 - 0x00007ff8e270e000 	C:\Program Files\Java\jdk-17.0.1\bin\server\jvm.dll
0x00007ff934800000 - 0x00007ff934808000 	C:\Windows\System32\PSAPI.DLL
0x00007ff92f530000 - 0x00007ff92f554000 	C:\Windows\SYSTEM32\WINMM.dll
0x00007ff91dbc0000 - 0x00007ff91dbc9000 	C:\Windows\SYSTEM32\WSOCK32.dll
0x00007ff934790000 - 0x00007ff9347fd000 	C:\Windows\System32\WS2_32.dll
0x00007ff92f500000 - 0x00007ff92f52d000 	C:\Windows\SYSTEM32\WINMMBASE.dll
0x00007ff9335a0000 - 0x00007ff9335ea000 	C:\Windows\System32\cfgmgr32.dll
0x00007ff932810000 - 0x00007ff932821000 	C:\Windows\System32\kernel.appcore.dll
0x00007ff91bd20000 - 0x00007ff91bd2a000 	C:\Program Files\Java\jdk-17.0.1\bin\jimage.dll
0x00007ff921ae0000 - 0x00007ff921ccd000 	C:\Windows\SYSTEM32\DBGHELP.DLL
0x00007ff920f90000 - 0x00007ff920fba000 	C:\Windows\SYSTEM32\dbgcore.DLL
0x00007ff8fbd40000 - 0x00007ff8fbd4e000 	C:\Program Files\Java\jdk-17.0.1\bin\instrument.dll
0x00007ff8fcda0000 - 0x00007ff8fcdc5000 	C:\Program Files\Java\jdk-17.0.1\bin\java.dll

dbghelp: loaded successfully - version: 4.0.5 - missing functions: none
symbol engine: initialized successfully - sym options: 0x614 - pdb path: .;C:\Program Files\Java\jdk-17.0.1\bin;C:\Windows\SYSTEM32;C:\Windows\WinSxS\amd64_microsoft.windows.common-controls_6595b64144ccf1df_6.0.17763.914_none_05b346b2072102f2;C:\Program Files\Java\jdk-17.0.1\bin\server

VM Arguments:
jvm_args: -Dmaven.multiModuleProjectDirectory=C:\Users\Rudebox\IdeaProjects\medicalweb -Dmaven.home=C:\Program Files\JetBrains\IntelliJ IDEA 2021.3.1\plugins\maven\lib\maven3 -Dclassworlds.conf=C:\Program Files\JetBrains\IntelliJ IDEA 2021.3.1\plugins\maven\lib\maven3\bin\m2.conf -Dmaven.ext.class.path=C:\Program Files\JetBrains\IntelliJ IDEA 2021.3.1\plugins\maven\lib\maven-event-listener.jar -javaagent:C:\Program Files\JetBrains\IntelliJ IDEA 2021.3.1\lib\idea_rt.jar=51649:C:\Program Files\JetBrains\IntelliJ IDEA 2021.3.1\bin -Dfile.encoding=UTF-8 
java_command: org.codehaus.classworlds.Launcher -Didea.version=2021.3.1 clean
java_class_path (initial): C:\Program Files\JetBrains\IntelliJ IDEA 2021.3.1\plugins\maven\lib\maven3\boot\plexus-classworlds-2.6.0.jar;C:\Program Files\JetBrains\IntelliJ IDEA 2021.3.1\plugins\maven\lib\maven3\boot\plexus-classworlds.license
Launcher Type: SUN_STANDARD

[Global flags]
     intx CICompilerCount                          = 4                                         {product} {ergonomic}
     uint ConcGCThreads                            = 3                                         {product} {ergonomic}
     uint G1ConcRefinementThreads                  = 10                                        {product} {ergonomic}
   size_t G1HeapRegionSize                         = 2097152                                   {product} {ergonomic}
    uintx GCDrainStackTargetSize                   = 64                                        {product} {ergonomic}
   size_t InitialHeapSize                          = 266338304                                 {product} {ergonomic}
   size_t MarkStackSize                            = 4194304                                   {product} {ergonomic}
   size_t MaxHeapSize                              = 4261412864                                {product} {ergonomic}
   size_t MinHeapDeltaBytes                        = 2097152                                   {product} {ergonomic}
   size_t MinHeapSize                              = 8388608                                   {product} {ergonomic}
    uintx NonNMethodCodeHeapSize                   = 5839372                                {pd product} {ergonomic}
    uintx NonProfiledCodeHeapSize                  = 122909434                              {pd product} {ergonomic}
    uintx ProfiledCodeHeapSize                     = 122909434                              {pd product} {ergonomic}
    uintx ReservedCodeCacheSize                    = 251658240                              {pd product} {ergonomic}
     bool SegmentedCodeCache                       = true                                      {product} {ergonomic}
   size_t SoftMaxHeapSize                          = 4261412864                             {manageable} {ergonomic}
     bool UseCompressedClassPointers               = true                           {product lp64_product} {ergonomic}
     bool UseCompressedOops                        = true                           {product lp64_product} {ergonomic}
     bool UseG1GC                                  = true                                      {product} {ergonomic}
     bool UseLargePagesIndividualAllocation        = false                                  {pd product} {ergonomic}

Logging:
Log output configuration:
 #0: stdout all=warning uptime,level,tags
 #1: stderr all=off uptime,level,tags

Environment Variables:
JAVA_HOME=C:\Program Files\Java\jdk-17.0.1
PATH=C:\Program Files\Common Files\Oracle\Java\javapath;C:\Windows\system32;C:\Windows;C:\Windows\System32\Wbem;C:\Windows\System32\WindowsPowerShell\v1.0\;C:\Program Files\Microsoft SQL Server\150\Tools\Binn\;C:\Program Files\Microsoft SQL Server\Client SDK\ODBC\170\Tools\Binn\;C:\Program Files\Git\cmd;C:\Program Files\MySQL\MySQL Shell 8.0\bin\;C:\Users\Rudebox\AppData\Local\Microsoft\WindowsApps;C:\Program Files\Java\jdk-17.0.1\bin;C:\Program Files\JetBrains\IntelliJ IDEA 2021.3.1\bin;;C:\Program Files\apache-maven-3.8.4\bin;C:\Users\Rudebox\AppData\Local\GitHubDesktop\bin;C:\Windows\System32;
USERNAME=Rudebox
OS=Windows_NT
PROCESSOR_IDENTIFIER=AMD64 Family 23 Model 96 Stepping 1, AuthenticAMD



---------------  S Y S T E M  ---------------

OS:
 Windows 10 , 64 bit Build 17763 (10.0.17763.475)
OS uptime: 0 days 6:26 hours

CPU: total 12 (initial active 12) (12 cores per cpu, 2 threads per core) family 23 model 96 stepping 1 microcode 0x0, cx8, cmov, fxsr, ht, mmx, 3dnowpref, sse, sse2, sse3, ssse3, sse4a, sse4.1, sse4.2, popcnt, lzcnt, tsc, tscinvbit, avx, avx2, aes, clmul, bmi1, bmi2, adx, sha, fma, vzeroupper, clflush, clflushopt

Memory: 4k page, system-wide physical 16253M (3489M free)
TotalPageFile size 16253M (AvailPageFile size 173M)
current process WorkingSet (physical memory assigned to process): 10M, peak: 10M
current process commit charge ("private bytes"): 64M, peak: 318M

vm_info: Java HotSpot(TM) 64-Bit Server VM (17.0.1+12-LTS-39) for windows-amd64 JRE (17.0.1+12-LTS-39), built on Sep 27 2021 18:41:35 by "mach5one" with MS VC++ 16.8 (VS2019)

END.
